2022-06-07 15:50:20,736 DEBUG [main] InternalLoggerFactory:89 - Using Log4J as the default logging framework
2022-06-07 15:50:20,876 DEBUG [main] ResourceLeakDetector:129 - -Dio.netty.leakDetection.level: simple
2022-06-07 15:50:20,879 DEBUG [main] ResourceLeakDetector:130 - -Dio.netty.leakDetection.targetRecords: 4
2022-06-07 15:50:20,995 DEBUG [main] ResourceLeakDetectorFactory:196 - Loaded default ResourceLeakDetector: io.netty.util.ResourceLeakDetector@6187d1f5
2022-06-07 15:50:21,194 DEBUG [main] PlatformDependent0:460 - -Dio.netty.noUnsafe: false
2022-06-07 15:50:21,196 DEBUG [main] PlatformDependent0:954 - Java version: 11
2022-06-07 15:50:21,222 DEBUG [main] PlatformDependent0:135 - sun.misc.Unsafe.theUnsafe: available
2022-06-07 15:50:21,227 DEBUG [main] PlatformDependent0:159 - sun.misc.Unsafe.copyMemory: available
2022-06-07 15:50:21,231 DEBUG [main] PlatformDependent0:202 - java.nio.Buffer.address: available
2022-06-07 15:50:21,236 DEBUG [main] PlatformDependent0:285 - direct buffer constructor: unavailable: Reflective setAccessible(true) disabled
2022-06-07 15:50:21,241 DEBUG [main] PlatformDependent0:350 - java.nio.Bits.unaligned: available, true
2022-06-07 15:50:21,248 DEBUG [main] PlatformDependent0:417 - jdk.internal.misc.Unsafe.allocateUninitializedArray(int): unavailable: class io.netty.util.internal.PlatformDependent0$6 cannot access class jdk.internal.misc.Unsafe (in module java.base) because module java.base does not export jdk.internal.misc to unnamed module @49d3c823
2022-06-07 15:50:21,257 DEBUG [main] PlatformDependent0:446 - java.nio.DirectByteBuffer.<init>(long, int): unavailable
2022-06-07 15:50:21,258 DEBUG [main] PlatformDependent:1116 - sun.misc.Unsafe: available
2022-06-07 15:50:21,454 DEBUG [main] PlatformDependent:1227 - maxDirectMemory: 1040187392 bytes (maybe)
2022-06-07 15:50:21,455 DEBUG [main] PlatformDependent:1246 - -Dio.netty.tmpdir: C:\Users\Pramod\AppData\Local\Temp (java.io.tmpdir)
2022-06-07 15:50:21,462 DEBUG [main] PlatformDependent:1325 - -Dio.netty.bitMode: 64 (sun.arch.data.model)
2022-06-07 15:50:21,465 DEBUG [main] PlatformDependent:1076 - Platform: Windows
2022-06-07 15:50:21,468 DEBUG [main] PlatformDependent:178 - -Dio.netty.maxDirectMemory: -1 bytes
2022-06-07 15:50:21,469 DEBUG [main] PlatformDependent:185 - -Dio.netty.uninitializedArrayAllocationThreshold: -1
2022-06-07 15:50:21,474 DEBUG [main] CleanerJava9:71 - java.nio.ByteBuffer.cleaner(): available
2022-06-07 15:50:21,474 DEBUG [main] PlatformDependent:205 - -Dio.netty.noPreferDirect: false
2022-06-07 15:50:21,536 DEBUG [main] PlatformDependent:967 - org.jctools-core.MpscChunkedArrayQueue: available
2022-06-07 15:50:22,326 DEBUG [main] InternalThreadLocalMap:86 - -Dio.netty.threadLocalMap.stringBuilder.initialSize: 1024
2022-06-07 15:50:22,327 DEBUG [main] InternalThreadLocalMap:89 - -Dio.netty.threadLocalMap.stringBuilder.maxSize: 4096
2022-06-07 15:50:25,048 DEBUG [main] JdkSslContext:97 - Default protocols (JDK): [TLSv1.3, TLSv1.2] 
2022-06-07 15:50:25,049 DEBUG [main] JdkSslContext:98 - Default cipher suites (JDK): [TLS_ECDHE_ECDSA_WITH_AES_256_GCM_SHA384, TLS_ECDHE_ECDSA_WITH_AES_128_GCM_SHA256, TLS_ECDHE_RSA_WITH_AES_128_GCM_SHA256, TLS_ECDHE_RSA_WITH_AES_256_GCM_SHA384, TLS_ECDHE_RSA_WITH_AES_128_CBC_SHA, TLS_ECDHE_RSA_WITH_AES_256_CBC_SHA, TLS_RSA_WITH_AES_128_GCM_SHA256, TLS_RSA_WITH_AES_128_CBC_SHA, TLS_RSA_WITH_AES_256_CBC_SHA, TLS_AES_128_GCM_SHA256, TLS_AES_256_GCM_SHA384]
2022-06-07 15:50:25,431 DEBUG [main] MultithreadEventLoopGroup:44 - -Dio.netty.eventLoopThreads: 8
2022-06-07 15:50:25,602 DEBUG [main] NioEventLoop:109 - -Dio.netty.noKeySetOptimization: false
2022-06-07 15:50:25,604 DEBUG [main] NioEventLoop:110 - -Dio.netty.selectorAutoRebuildThreshold: 512
2022-06-07 15:50:26,062 DEBUG [main] PooledByteBufAllocator:155 - -Dio.netty.allocator.numHeapArenas: 8
2022-06-07 15:50:26,064 DEBUG [main] PooledByteBufAllocator:156 - -Dio.netty.allocator.numDirectArenas: 8
2022-06-07 15:50:26,065 DEBUG [main] PooledByteBufAllocator:158 - -Dio.netty.allocator.pageSize: 8192
2022-06-07 15:50:26,067 DEBUG [main] PooledByteBufAllocator:163 - -Dio.netty.allocator.maxOrder: 9
2022-06-07 15:50:26,068 DEBUG [main] PooledByteBufAllocator:167 - -Dio.netty.allocator.chunkSize: 4194304
2022-06-07 15:50:26,069 DEBUG [main] PooledByteBufAllocator:168 - -Dio.netty.allocator.smallCacheSize: 256
2022-06-07 15:50:26,070 DEBUG [main] PooledByteBufAllocator:169 - -Dio.netty.allocator.normalCacheSize: 64
2022-06-07 15:50:26,071 DEBUG [main] PooledByteBufAllocator:170 - -Dio.netty.allocator.maxCachedBufferCapacity: 32768
2022-06-07 15:50:26,073 DEBUG [main] PooledByteBufAllocator:171 - -Dio.netty.allocator.cacheTrimInterval: 8192
2022-06-07 15:50:26,074 DEBUG [main] PooledByteBufAllocator:172 - -Dio.netty.allocator.cacheTrimIntervalMillis: 0
2022-06-07 15:50:26,075 DEBUG [main] PooledByteBufAllocator:173 - -Dio.netty.allocator.useCacheForAllThreads: false
2022-06-07 15:50:26,076 DEBUG [main] PooledByteBufAllocator:174 - -Dio.netty.allocator.maxCachedByteBuffersPerChunk: 1023
2022-06-07 15:50:26,250 DEBUG [main] ByteBufUtil:87 - -Dio.netty.allocator.type: pooled
2022-06-07 15:50:26,252 DEBUG [main] ByteBufUtil:96 - -Dio.netty.threadLocalDirectBufferSize: 0
2022-06-07 15:50:26,254 DEBUG [main] ByteBufUtil:99 - -Dio.netty.maxThreadLocalCharBufferSize: 16384
2022-06-07 15:50:30,878 DEBUG [Forwarding newSession on session null to remote] DefaultChannelId:79 - -Dio.netty.processId: 7808 (auto-detected)
2022-06-07 15:50:30,916 DEBUG [Forwarding newSession on session null to remote] NetUtil:136 - -Djava.net.preferIPv4Stack: false
2022-06-07 15:50:30,918 DEBUG [Forwarding newSession on session null to remote] NetUtil:137 - -Djava.net.preferIPv6Addresses: false
2022-06-07 15:50:31,889 DEBUG [Forwarding newSession on session null to remote] NetUtilInitializations:129 - Loopback interface: lo (Software Loopback Interface 1, 127.0.0.1)
2022-06-07 15:50:31,905 DEBUG [Forwarding newSession on session null to remote] NetUtil:191 - Failed to get SOMAXCONN from sysctl and file \proc\sys\net\core\somaxconn. Default: 200
2022-06-07 15:50:33,000 DEBUG [Forwarding newSession on session null to remote] DefaultChannelId:101 - -Dio.netty.machineId: 54:8c:a0:ff:fe:0f:1b:48 (auto-detected)
2022-06-07 15:50:33,415 DEBUG [AsyncHttpClient-1-2] AbstractByteBuf:63 - -Dio.netty.buffer.checkAccessible: true
2022-06-07 15:50:33,423 DEBUG [AsyncHttpClient-1-2] AbstractByteBuf:64 - -Dio.netty.buffer.checkBounds: true
2022-06-07 15:50:33,424 DEBUG [AsyncHttpClient-1-2] ResourceLeakDetectorFactory:196 - Loaded default ResourceLeakDetector: io.netty.util.ResourceLeakDetector@3944bae9
2022-06-07 15:50:33,678 DEBUG [AsyncHttpClient-1-2] Recycler:85 - -Dio.netty.recycler.maxCapacityPerThread: 4096
2022-06-07 15:50:33,680 DEBUG [AsyncHttpClient-1-2] Recycler:86 - -Dio.netty.recycler.ratio: 8
2022-06-07 15:50:33,681 DEBUG [AsyncHttpClient-1-2] Recycler:87 - -Dio.netty.recycler.chunkSize: 32
2022-06-07 15:50:33,682 DEBUG [AsyncHttpClient-1-2] Recycler:88 - -Dio.netty.recycler.blocking: false
2022-06-07 15:50:39,217 DEBUG [AsyncHttpClient-1-2] Brotli:38 - brotli4j not in the classpath; Brotli support will be unavailable.
2022-06-07 15:50:43,208 DEBUG [main] ThreadLocalRandom:214 - -Dio.netty.initialSeedUniquifier: 0x49ca03573e54f1fd
2022-06-07 16:38:54,397 DEBUG [main] InternalLoggerFactory:89 - Using Log4J as the default logging framework
2022-06-07 16:38:54,497 DEBUG [main] ResourceLeakDetector:129 - -Dio.netty.leakDetection.level: simple
2022-06-07 16:38:54,500 DEBUG [main] ResourceLeakDetector:130 - -Dio.netty.leakDetection.targetRecords: 4
2022-06-07 16:38:54,550 DEBUG [main] ResourceLeakDetectorFactory:196 - Loaded default ResourceLeakDetector: io.netty.util.ResourceLeakDetector@a22cb6a
2022-06-07 16:38:54,678 DEBUG [main] PlatformDependent0:460 - -Dio.netty.noUnsafe: false
2022-06-07 16:38:54,680 DEBUG [main] PlatformDependent0:954 - Java version: 11
2022-06-07 16:38:54,689 DEBUG [main] PlatformDependent0:135 - sun.misc.Unsafe.theUnsafe: available
2022-06-07 16:38:54,692 DEBUG [main] PlatformDependent0:159 - sun.misc.Unsafe.copyMemory: available
2022-06-07 16:38:54,695 DEBUG [main] PlatformDependent0:202 - java.nio.Buffer.address: available
2022-06-07 16:38:54,698 DEBUG [main] PlatformDependent0:285 - direct buffer constructor: unavailable: Reflective setAccessible(true) disabled
2022-06-07 16:38:54,701 DEBUG [main] PlatformDependent0:350 - java.nio.Bits.unaligned: available, true
2022-06-07 16:38:54,719 DEBUG [main] PlatformDependent0:417 - jdk.internal.misc.Unsafe.allocateUninitializedArray(int): unavailable: class io.netty.util.internal.PlatformDependent0$6 cannot access class jdk.internal.misc.Unsafe (in module java.base) because module java.base does not export jdk.internal.misc to unnamed module @6b8d96d9
2022-06-07 16:38:54,723 DEBUG [main] PlatformDependent0:446 - java.nio.DirectByteBuffer.<init>(long, int): unavailable
2022-06-07 16:38:54,723 DEBUG [main] PlatformDependent:1116 - sun.misc.Unsafe: available
2022-06-07 16:38:54,864 DEBUG [main] PlatformDependent:1227 - maxDirectMemory: 1040187392 bytes (maybe)
2022-06-07 16:38:54,866 DEBUG [main] PlatformDependent:1246 - -Dio.netty.tmpdir: C:\Users\Pramod\AppData\Local\Temp (java.io.tmpdir)
2022-06-07 16:38:54,873 DEBUG [main] PlatformDependent:1325 - -Dio.netty.bitMode: 64 (sun.arch.data.model)
2022-06-07 16:38:54,877 DEBUG [main] PlatformDependent:1076 - Platform: Windows
2022-06-07 16:38:54,883 DEBUG [main] PlatformDependent:178 - -Dio.netty.maxDirectMemory: -1 bytes
2022-06-07 16:38:54,885 DEBUG [main] PlatformDependent:185 - -Dio.netty.uninitializedArrayAllocationThreshold: -1
2022-06-07 16:38:54,893 DEBUG [main] CleanerJava9:71 - java.nio.ByteBuffer.cleaner(): available
2022-06-07 16:38:54,895 DEBUG [main] PlatformDependent:205 - -Dio.netty.noPreferDirect: false
2022-06-07 16:38:54,955 DEBUG [main] PlatformDependent:967 - org.jctools-core.MpscChunkedArrayQueue: available
2022-06-07 16:38:55,202 DEBUG [main] InternalThreadLocalMap:86 - -Dio.netty.threadLocalMap.stringBuilder.initialSize: 1024
2022-06-07 16:38:55,204 DEBUG [main] InternalThreadLocalMap:89 - -Dio.netty.threadLocalMap.stringBuilder.maxSize: 4096
2022-06-07 16:38:56,392 DEBUG [main] JdkSslContext:97 - Default protocols (JDK): [TLSv1.3, TLSv1.2] 
2022-06-07 16:38:56,393 DEBUG [main] JdkSslContext:98 - Default cipher suites (JDK): [TLS_ECDHE_ECDSA_WITH_AES_256_GCM_SHA384, TLS_ECDHE_ECDSA_WITH_AES_128_GCM_SHA256, TLS_ECDHE_RSA_WITH_AES_128_GCM_SHA256, TLS_ECDHE_RSA_WITH_AES_256_GCM_SHA384, TLS_ECDHE_RSA_WITH_AES_128_CBC_SHA, TLS_ECDHE_RSA_WITH_AES_256_CBC_SHA, TLS_RSA_WITH_AES_128_GCM_SHA256, TLS_RSA_WITH_AES_128_CBC_SHA, TLS_RSA_WITH_AES_256_CBC_SHA, TLS_AES_128_GCM_SHA256, TLS_AES_256_GCM_SHA384]
2022-06-07 16:38:56,665 DEBUG [main] MultithreadEventLoopGroup:44 - -Dio.netty.eventLoopThreads: 8
2022-06-07 16:38:56,749 DEBUG [main] NioEventLoop:109 - -Dio.netty.noKeySetOptimization: false
2022-06-07 16:38:56,751 DEBUG [main] NioEventLoop:110 - -Dio.netty.selectorAutoRebuildThreshold: 512
2022-06-07 16:38:57,085 DEBUG [main] PooledByteBufAllocator:155 - -Dio.netty.allocator.numHeapArenas: 8
2022-06-07 16:38:57,086 DEBUG [main] PooledByteBufAllocator:156 - -Dio.netty.allocator.numDirectArenas: 8
2022-06-07 16:38:57,087 DEBUG [main] PooledByteBufAllocator:158 - -Dio.netty.allocator.pageSize: 8192
2022-06-07 16:38:57,088 DEBUG [main] PooledByteBufAllocator:163 - -Dio.netty.allocator.maxOrder: 9
2022-06-07 16:38:57,089 DEBUG [main] PooledByteBufAllocator:167 - -Dio.netty.allocator.chunkSize: 4194304
2022-06-07 16:38:57,090 DEBUG [main] PooledByteBufAllocator:168 - -Dio.netty.allocator.smallCacheSize: 256
2022-06-07 16:38:57,091 DEBUG [main] PooledByteBufAllocator:169 - -Dio.netty.allocator.normalCacheSize: 64
2022-06-07 16:38:57,092 DEBUG [main] PooledByteBufAllocator:170 - -Dio.netty.allocator.maxCachedBufferCapacity: 32768
2022-06-07 16:38:57,093 DEBUG [main] PooledByteBufAllocator:171 - -Dio.netty.allocator.cacheTrimInterval: 8192
2022-06-07 16:38:57,094 DEBUG [main] PooledByteBufAllocator:172 - -Dio.netty.allocator.cacheTrimIntervalMillis: 0
2022-06-07 16:38:57,094 DEBUG [main] PooledByteBufAllocator:173 - -Dio.netty.allocator.useCacheForAllThreads: false
2022-06-07 16:38:57,095 DEBUG [main] PooledByteBufAllocator:174 - -Dio.netty.allocator.maxCachedByteBuffersPerChunk: 1023
2022-06-07 16:38:57,125 DEBUG [main] ByteBufUtil:87 - -Dio.netty.allocator.type: pooled
2022-06-07 16:38:57,126 DEBUG [main] ByteBufUtil:96 - -Dio.netty.threadLocalDirectBufferSize: 0
2022-06-07 16:38:57,127 DEBUG [main] ByteBufUtil:99 - -Dio.netty.maxThreadLocalCharBufferSize: 16384
2022-06-07 16:38:59,418 DEBUG [Forwarding newSession on session null to remote] DefaultChannelId:79 - -Dio.netty.processId: 2996 (auto-detected)
2022-06-07 16:38:59,443 DEBUG [Forwarding newSession on session null to remote] NetUtil:136 - -Djava.net.preferIPv4Stack: false
2022-06-07 16:38:59,444 DEBUG [Forwarding newSession on session null to remote] NetUtil:137 - -Djava.net.preferIPv6Addresses: false
2022-06-07 16:39:00,390 DEBUG [Forwarding newSession on session null to remote] NetUtilInitializations:129 - Loopback interface: lo (Software Loopback Interface 1, 127.0.0.1)
2022-06-07 16:39:00,451 DEBUG [Forwarding newSession on session null to remote] NetUtil:191 - Failed to get SOMAXCONN from sysctl and file \proc\sys\net\core\somaxconn. Default: 200
2022-06-07 16:39:01,652 DEBUG [Forwarding newSession on session null to remote] DefaultChannelId:101 - -Dio.netty.machineId: 54:8c:a0:ff:fe:0f:1b:48 (auto-detected)
2022-06-07 16:39:01,968 DEBUG [AsyncHttpClient-1-2] AbstractByteBuf:63 - -Dio.netty.buffer.checkAccessible: true
2022-06-07 16:39:01,977 DEBUG [AsyncHttpClient-1-2] AbstractByteBuf:64 - -Dio.netty.buffer.checkBounds: true
2022-06-07 16:39:01,978 DEBUG [AsyncHttpClient-1-2] ResourceLeakDetectorFactory:196 - Loaded default ResourceLeakDetector: io.netty.util.ResourceLeakDetector@7516cd1d
2022-06-07 16:39:02,196 DEBUG [AsyncHttpClient-1-2] Recycler:85 - -Dio.netty.recycler.maxCapacityPerThread: 4096
2022-06-07 16:39:02,197 DEBUG [AsyncHttpClient-1-2] Recycler:86 - -Dio.netty.recycler.ratio: 8
2022-06-07 16:39:02,198 DEBUG [AsyncHttpClient-1-2] Recycler:87 - -Dio.netty.recycler.chunkSize: 32
2022-06-07 16:39:02,200 DEBUG [AsyncHttpClient-1-2] Recycler:88 - -Dio.netty.recycler.blocking: false
2022-06-07 16:39:07,325 DEBUG [AsyncHttpClient-1-2] Brotli:38 - brotli4j not in the classpath; Brotli support will be unavailable.
2022-06-07 16:39:08,673 DEBUG [main] ThreadLocalRandom:214 - -Dio.netty.initialSeedUniquifier: 0x31f99fdcbb5eaf37
2022-06-07 16:41:57,660 DEBUG [main] InternalLoggerFactory:89 - Using Log4J as the default logging framework
2022-06-07 16:41:57,677 DEBUG [main] ResourceLeakDetector:129 - -Dio.netty.leakDetection.level: simple
2022-06-07 16:41:57,678 DEBUG [main] ResourceLeakDetector:130 - -Dio.netty.leakDetection.targetRecords: 4
2022-06-07 16:41:57,690 DEBUG [main] ResourceLeakDetectorFactory:196 - Loaded default ResourceLeakDetector: io.netty.util.ResourceLeakDetector@6187d1f5
2022-06-07 16:41:57,738 DEBUG [main] PlatformDependent0:460 - -Dio.netty.noUnsafe: false
2022-06-07 16:41:57,740 DEBUG [main] PlatformDependent0:954 - Java version: 11
2022-06-07 16:41:57,742 DEBUG [main] PlatformDependent0:135 - sun.misc.Unsafe.theUnsafe: available
2022-06-07 16:41:57,744 DEBUG [main] PlatformDependent0:159 - sun.misc.Unsafe.copyMemory: available
2022-06-07 16:41:57,745 DEBUG [main] PlatformDependent0:202 - java.nio.Buffer.address: available
2022-06-07 16:41:57,747 DEBUG [main] PlatformDependent0:285 - direct buffer constructor: unavailable: Reflective setAccessible(true) disabled
2022-06-07 16:41:57,750 DEBUG [main] PlatformDependent0:350 - java.nio.Bits.unaligned: available, true
2022-06-07 16:41:57,752 DEBUG [main] PlatformDependent0:417 - jdk.internal.misc.Unsafe.allocateUninitializedArray(int): unavailable: class io.netty.util.internal.PlatformDependent0$6 cannot access class jdk.internal.misc.Unsafe (in module java.base) because module java.base does not export jdk.internal.misc to unnamed module @49d3c823
2022-06-07 16:41:57,755 DEBUG [main] PlatformDependent0:446 - java.nio.DirectByteBuffer.<init>(long, int): unavailable
2022-06-07 16:41:57,756 DEBUG [main] PlatformDependent:1116 - sun.misc.Unsafe: available
2022-06-07 16:41:57,780 DEBUG [main] PlatformDependent:1227 - maxDirectMemory: 1040187392 bytes (maybe)
2022-06-07 16:41:57,782 DEBUG [main] PlatformDependent:1246 - -Dio.netty.tmpdir: C:\Users\Pramod\AppData\Local\Temp (java.io.tmpdir)
2022-06-07 16:41:57,784 DEBUG [main] PlatformDependent:1325 - -Dio.netty.bitMode: 64 (sun.arch.data.model)
2022-06-07 16:41:57,788 DEBUG [main] PlatformDependent:1076 - Platform: Windows
2022-06-07 16:41:57,790 DEBUG [main] PlatformDependent:178 - -Dio.netty.maxDirectMemory: -1 bytes
2022-06-07 16:41:57,790 DEBUG [main] PlatformDependent:185 - -Dio.netty.uninitializedArrayAllocationThreshold: -1
2022-06-07 16:41:57,794 DEBUG [main] CleanerJava9:71 - java.nio.ByteBuffer.cleaner(): available
2022-06-07 16:41:57,794 DEBUG [main] PlatformDependent:205 - -Dio.netty.noPreferDirect: false
2022-06-07 16:41:57,812 DEBUG [main] PlatformDependent:967 - org.jctools-core.MpscChunkedArrayQueue: available
2022-06-07 16:41:57,881 DEBUG [main] InternalThreadLocalMap:86 - -Dio.netty.threadLocalMap.stringBuilder.initialSize: 1024
2022-06-07 16:41:57,883 DEBUG [main] InternalThreadLocalMap:89 - -Dio.netty.threadLocalMap.stringBuilder.maxSize: 4096
2022-06-07 16:41:58,387 DEBUG [main] JdkSslContext:97 - Default protocols (JDK): [TLSv1.3, TLSv1.2] 
2022-06-07 16:41:58,388 DEBUG [main] JdkSslContext:98 - Default cipher suites (JDK): [TLS_ECDHE_ECDSA_WITH_AES_256_GCM_SHA384, TLS_ECDHE_ECDSA_WITH_AES_128_GCM_SHA256, TLS_ECDHE_RSA_WITH_AES_128_GCM_SHA256, TLS_ECDHE_RSA_WITH_AES_256_GCM_SHA384, TLS_ECDHE_RSA_WITH_AES_128_CBC_SHA, TLS_ECDHE_RSA_WITH_AES_256_CBC_SHA, TLS_RSA_WITH_AES_128_GCM_SHA256, TLS_RSA_WITH_AES_128_CBC_SHA, TLS_RSA_WITH_AES_256_CBC_SHA, TLS_AES_128_GCM_SHA256, TLS_AES_256_GCM_SHA384]
2022-06-07 16:41:58,439 DEBUG [main] MultithreadEventLoopGroup:44 - -Dio.netty.eventLoopThreads: 8
2022-06-07 16:41:58,460 DEBUG [main] NioEventLoop:109 - -Dio.netty.noKeySetOptimization: false
2022-06-07 16:41:58,460 DEBUG [main] NioEventLoop:110 - -Dio.netty.selectorAutoRebuildThreshold: 512
2022-06-07 16:41:58,555 DEBUG [main] PooledByteBufAllocator:155 - -Dio.netty.allocator.numHeapArenas: 8
2022-06-07 16:41:58,556 DEBUG [main] PooledByteBufAllocator:156 - -Dio.netty.allocator.numDirectArenas: 8
2022-06-07 16:41:58,557 DEBUG [main] PooledByteBufAllocator:158 - -Dio.netty.allocator.pageSize: 8192
2022-06-07 16:41:58,558 DEBUG [main] PooledByteBufAllocator:163 - -Dio.netty.allocator.maxOrder: 9
2022-06-07 16:41:58,559 DEBUG [main] PooledByteBufAllocator:167 - -Dio.netty.allocator.chunkSize: 4194304
2022-06-07 16:41:58,560 DEBUG [main] PooledByteBufAllocator:168 - -Dio.netty.allocator.smallCacheSize: 256
2022-06-07 16:41:58,561 DEBUG [main] PooledByteBufAllocator:169 - -Dio.netty.allocator.normalCacheSize: 64
2022-06-07 16:41:58,562 DEBUG [main] PooledByteBufAllocator:170 - -Dio.netty.allocator.maxCachedBufferCapacity: 32768
2022-06-07 16:41:58,563 DEBUG [main] PooledByteBufAllocator:171 - -Dio.netty.allocator.cacheTrimInterval: 8192
2022-06-07 16:41:58,563 DEBUG [main] PooledByteBufAllocator:172 - -Dio.netty.allocator.cacheTrimIntervalMillis: 0
2022-06-07 16:41:58,564 DEBUG [main] PooledByteBufAllocator:173 - -Dio.netty.allocator.useCacheForAllThreads: false
2022-06-07 16:41:58,566 DEBUG [main] PooledByteBufAllocator:174 - -Dio.netty.allocator.maxCachedByteBuffersPerChunk: 1023
2022-06-07 16:41:58,600 DEBUG [main] ByteBufUtil:87 - -Dio.netty.allocator.type: pooled
2022-06-07 16:41:58,601 DEBUG [main] ByteBufUtil:96 - -Dio.netty.threadLocalDirectBufferSize: 0
2022-06-07 16:41:58,601 DEBUG [main] ByteBufUtil:99 - -Dio.netty.maxThreadLocalCharBufferSize: 16384
2022-06-07 16:41:59,958 DEBUG [Forwarding newSession on session null to remote] DefaultChannelId:79 - -Dio.netty.processId: 10988 (auto-detected)
2022-06-07 16:41:59,965 DEBUG [Forwarding newSession on session null to remote] NetUtil:136 - -Djava.net.preferIPv4Stack: false
2022-06-07 16:41:59,966 DEBUG [Forwarding newSession on session null to remote] NetUtil:137 - -Djava.net.preferIPv6Addresses: false
2022-06-07 16:42:00,804 DEBUG [Forwarding newSession on session null to remote] NetUtilInitializations:129 - Loopback interface: lo (Software Loopback Interface 1, 127.0.0.1)
2022-06-07 16:42:00,807 DEBUG [Forwarding newSession on session null to remote] NetUtil:191 - Failed to get SOMAXCONN from sysctl and file \proc\sys\net\core\somaxconn. Default: 200
2022-06-07 16:42:01,712 DEBUG [Forwarding newSession on session null to remote] DefaultChannelId:101 - -Dio.netty.machineId: 54:8c:a0:ff:fe:0f:1b:48 (auto-detected)
2022-06-07 16:42:01,822 DEBUG [AsyncHttpClient-1-2] AbstractByteBuf:63 - -Dio.netty.buffer.checkAccessible: true
2022-06-07 16:42:01,826 DEBUG [AsyncHttpClient-1-2] AbstractByteBuf:64 - -Dio.netty.buffer.checkBounds: true
2022-06-07 16:42:01,827 DEBUG [AsyncHttpClient-1-2] ResourceLeakDetectorFactory:196 - Loaded default ResourceLeakDetector: io.netty.util.ResourceLeakDetector@41e8445f
2022-06-07 16:42:01,889 DEBUG [AsyncHttpClient-1-2] Recycler:85 - -Dio.netty.recycler.maxCapacityPerThread: 4096
2022-06-07 16:42:01,891 DEBUG [AsyncHttpClient-1-2] Recycler:86 - -Dio.netty.recycler.ratio: 8
2022-06-07 16:42:01,892 DEBUG [AsyncHttpClient-1-2] Recycler:87 - -Dio.netty.recycler.chunkSize: 32
2022-06-07 16:42:01,894 DEBUG [AsyncHttpClient-1-2] Recycler:88 - -Dio.netty.recycler.blocking: false
2022-06-07 16:42:03,607 DEBUG [AsyncHttpClient-1-2] Brotli:38 - brotli4j not in the classpath; Brotli support will be unavailable.
2022-06-07 16:42:04,030 DEBUG [main] ThreadLocalRandom:214 - -Dio.netty.initialSeedUniquifier: 0x4c81c2d395237a86
